node13.cluster | 112198 | 2019-12-02 15:37:22.082349 +0100 GMT |  | begin drake_config()
node13.cluster | 112198 | 2019-12-02 15:37:22.103573 +0100 GMT |  | cache /data/sgg2/jenny/projects/PSYMETAB/.drake
node13.cluster | 112198 | 2019-12-02 15:37:22.108698 +0100 GMT |  | analyze environment
node13.cluster | 112198 | 2019-12-02 15:37:22.116593 +0100 GMT |  | get knitr hash
node13.cluster | 112198 | 2019-12-02 15:37:22.125205 +0100 GMT |  | set knitr files
node13.cluster | 112198 | 2019-12-02 15:37:22.171498 +0100 GMT |  | end drake_config()
node13.cluster | 112198 | 2019-12-02 15:37:22.173195 +0100 GMT |  | begin make()
node13.cluster | 112198 | 2019-12-02 15:37:23.774415 +0100 GMT | pre_imputation_script | import
node13.cluster | 112198 | 2019-12-02 15:37:23.790302 +0100 GMT | processx::run | import
node13.cluster | 112198 | 2019-12-02 15:37:23.817893 +0100 GMT |  | begin outdated()
node13.cluster | 112198 | 2019-12-02 15:37:23.821382 +0100 GMT |  | find more outdated targets
node13.cluster | 112198 | 2019-12-02 15:37:23.826184 +0100 GMT |  | find downstream outdated targets
node13.cluster | 112198 | 2019-12-02 15:37:23.830862 +0100 GMT |  | end outdated()
node13.cluster | 112198 | 2019-12-02 15:37:23.832442 +0100 GMT |  | isolate oudated targets
node13.cluster | 112198 | 2019-12-02 15:37:23.836479 +0100 GMT |  | construct priority queue
node13.cluster | 112198 | 2019-12-02 15:37:23.848628 +0100 GMT | run_pre_imputation | trigger missing
node13.cluster | 112198 | 2019-12-02 15:37:24.055692 +0100 GMT |  | set common data
node13.cluster | 112198 | 2019-12-02 15:37:24.063713 +0100 GMT |  | begin scheduling targets
node13.cluster | 112198 | 2019-12-02 15:37:39.480133 +0100 GMT |  | sending common data
node13.cluster | 112198 | 2019-12-02 15:37:39.765199 +0100 GMT | run_pre_imputation | trigger missing
node13.cluster | 112198 | 2019-12-02 15:37:39.770325 +0100 GMT | run_pre_imputation | target run_pre_imputation
node15.cluster | 27440 | 2019-12-02 15:37:39.780029 +0100 GMT | run_pre_imputation | build on an hpc worker
node13.cluster | 112198 | 2019-12-02 15:47:19.975515 +0100 GMT | run_pre_imputation | store
node13.cluster | 112198 | 2019-12-02 15:47:19.983964 +0100 GMT | run_pre_imputation | time  578.068s (~9.63 minutes) | 580.218s (~9.67 minutes)  (exec | total)
node13.cluster | 112198 | 2019-12-02 15:47:20.108889 +0100 GMT |  | end make()
